<?xml version="1.0" encoding="UTF-8"?>
<testng-results ignored="0" total="1" passed="1" failed="0" skipped="0">
  <reporter-output>
  </reporter-output>
  <suite started-at="2022-12-11T23:40:29 WEST" name="Default suite" finished-at="2022-12-11T23:40:32 WEST" duration-ms="3151">
    <groups>
      <group name="cucumber">
        <method signature="AbstractTestNGCucumberTests.runScenario(io.cucumber.testng.PickleWrapper,io.cucumber.testng.FeatureWrapper)[pri:0, instance:Cucumber.TestNGTestRunner@71d44a3]" name="runScenario" class="io.cucumber.testng.AbstractTestNGCucumberTests"/>
      </group> <!-- cucumber -->
    </groups>
    <test started-at="2022-12-11T23:40:29 WEST" name="Default test" finished-at="2022-12-11T23:40:32 WEST" duration-ms="3151">
      <class name="Cucumber.TestNGTestRunner">
        <test-method is-config="true" signature="setUpClass(org.testng.ITestContext)[pri:0, instance:Cucumber.TestNGTestRunner@71d44a3]" started-at="2022-12-11T23:40:29 WEST" name="setUpClass" finished-at="2022-12-11T23:40:29 WEST" duration-ms="508" status="PASS">
          <params>
            <param index="0">
              <value>
                <![CDATA[org.testng.TestRunner@765ffb14]]>
              </value>
            </param>
          </params>
          <reporter-output>
          </reporter-output>
        </test-method> <!-- setUpClass -->
        <test-method signature="runScenario(io.cucumber.testng.PickleWrapper,io.cucumber.testng.FeatureWrapper)[pri:0, instance:Cucumber.TestNGTestRunner@71d44a3]" started-at="2022-12-11T23:40:29 WEST" name="runScenario" description="Runs Cucumber Scenarios" data-provider="scenarios" finished-at="2022-12-11T23:40:32 WEST" duration-ms="2560" status="PASS">
          <params>
            <param index="0">
              <value>
                <![CDATA["Login using valid credentials"]]>
              </value>
            </param>
            <param index="1">
              <value>
                <![CDATA["Webdriver university LoginPage"]]>
              </value>
            </param>
          </params>
          <reporter-output>
          </reporter-output>
        </test-method> <!-- runScenario -->
        <test-method is-config="true" signature="tearDownClass()[pri:0, instance:Cucumber.TestNGTestRunner@71d44a3]" started-at="2022-12-11T23:40:32 WEST" name="tearDownClass" finished-at="2022-12-11T23:40:32 WEST" duration-ms="38" status="PASS">
          <reporter-output>
          </reporter-output>
        </test-method> <!-- tearDownClass -->
      </class> <!-- Cucumber.TestNGTestRunner -->
    </test> <!-- Default test -->
  </suite> <!-- Default suite -->
</testng-results>
